<?xml version="1.0" encoding="UTF-8"?>
<!-- Generated by org.testng.reporters.JUnitXMLReporter -->
<testsuite ignored="0" hostname="BHAGAVATH" failures="0" tests="2" name="Default test" time="12.257" errors="0" timestamp="2025-09-22T19:17:41 IST">
  <testcase classname="com.Conference.TestPage.PaperSubmissionTest" name="openPaperSubmissionPage" time="1.708"/>
  <testcase classname="com.Conference.TestPage.PaperSubmissionTest" name="fillpaperSubmissionForm" time="1.108"/>
</testsuite> <!-- Default test -->
