<?xml version="1.0" encoding="UTF-8"?>
<!-- Generated by org.testng.reporters.JUnitXMLReporter -->
<testsuite ignored="0" hostname="BHAGAVATH" failures="0" tests="7" name="RegressionTest" time="38.071" errors="0" timestamp="2025-09-22T20:25:21 IST">
  <testcase classname="com.Conference.TestPage.HomeTest" name="clickLogin" time="1.175"/>
  <testcase classname="com.Conference.TestPage.LoginTest" name="validLogin" time="2.53"/>
  <testcase classname="com.Conference.TestPage.LoginTest" name="validLogin" time="1.385"/>
  <testcase classname="com.Conference.TestPage.LoginTest" name="validLogin" time="1.381"/>
  <testcase classname="com.Conference.TestPage.LoginTest" name="validLogin" time="1.243"/>
  <testcase classname="com.Conference.TestPage.PaperSubmissionTest" name="openPaperSubmissionPage" time="0.675"/>
  <testcase classname="com.Conference.TestPage.PaperSubmissionTest" name="fillpaperSubmissionForm" time="0.8"/>
</testsuite> <!-- RegressionTest -->
