<?xml version="1.0" encoding="UTF-8"?>
<!-- Generated by org.testng.reporters.JUnitXMLReporter -->
<testsuite ignored="0" hostname="BHAGAVATH" failures="0" tests="7" name="RegressionTest" time="37.441" errors="0" timestamp="2025-09-22T21:31:30 IST">
  <testcase classname="com.Conference.TestPage.HomeTest" name="clickLogin" time="1.16"/>
  <testcase classname="com.Conference.TestPage.LoginTest" name="validLogin" time="2.46"/>
  <testcase classname="com.Conference.TestPage.LoginTest" name="validLogin" time="1.307"/>
  <testcase classname="com.Conference.TestPage.LoginTest" name="validLogin" time="1.451"/>
  <testcase classname="com.Conference.TestPage.LoginTest" name="validLogin" time="1.314"/>
  <testcase classname="com.Conference.TestPage.PaperSubmissionTest" name="openPaperSubmissionPage" time="0.666"/>
  <testcase classname="com.Conference.TestPage.PaperSubmissionTest" name="fillpaperSubmissionForm" time="0.953"/>
</testsuite> <!-- RegressionTest -->
