<?xml version="1.0" encoding="UTF-8"?>
<!-- Generated by org.testng.reporters.JUnitXMLReporter -->
<testsuite ignored="0" hostname="BHAGAVATH" failures="0" tests="6" name="Test" time="36.005" errors="0" timestamp="2025-09-22T19:31:17 IST">
  <testcase classname="com.Conference.TestPage.LoginTest" name="validLogin" time="2.18"/>
  <testcase classname="com.Conference.TestPage.LoginTest" name="validLogin" time="1.621"/>
  <testcase classname="com.Conference.TestPage.LoginTest" name="validLogin" time="1.783"/>
  <testcase classname="com.Conference.TestPage.LoginTest" name="validLogin" time="1.653"/>
  <testcase classname="com.Conference.TestPage.PaperSubmissionTest" name="openPaperSubmissionPage" time="0.848"/>
  <testcase classname="com.Conference.TestPage.PaperSubmissionTest" name="fillpaperSubmissionForm" time="1.347"/>
</testsuite> <!-- Test -->
