<?xml version="1.0" encoding="UTF-8"?>
<testng-results ignored="0" total="1" passed="1" failed="0" skipped="0">
  <reporter-output>
  </reporter-output>
  <suite started-at="2025-07-24T12:27:40 IST" name="Default suite" finished-at="2025-07-24T12:27:50 IST" duration-ms="10298">
    <groups>
    </groups>
    <test started-at="2025-07-24T12:27:40 IST" name="Default test" finished-at="2025-07-24T12:27:50 IST" duration-ms="10298">
      <class name="com.Conference.TestPage.HomeTest">
        <test-method is-config="true" signature="setup()[pri:0, instance:com.Conference.TestPage.HomeTest@28261e8e]" started-at="2025-07-24T12:27:40 IST" name="setup" finished-at="2025-07-24T12:27:49 IST" duration-ms="9579" status="PASS">
          <reporter-output>
          </reporter-output>
        </test-method> <!-- setup -->
        <test-method signature="clickLogin()[pri:0, instance:com.Conference.TestPage.HomeTest@28261e8e]" started-at="2025-07-24T12:27:49 IST" name="clickLogin" finished-at="2025-07-24T12:27:50 IST" duration-ms="664" status="PASS">
          <reporter-output>
          </reporter-output>
        </test-method> <!-- clickLogin -->
      </class> <!-- com.Conference.TestPage.HomeTest -->
    </test> <!-- Default test -->
  </suite> <!-- Default suite -->
</testng-results>
